0 info it worked if it ends with ok
1 verbose cli [ '/usr/local/Cellar/node/4.2.1/bin/node',
1 verbose cli   '/usr/local/bin/npm',
1 verbose cli   'install',
1 verbose cli   'twhitacre/something' ]
2 info using npm@3.3.9
3 info using node@v4.2.1
4 silly loadCurrentTree Starting
5 silly install loadCurrentTree
6 silly install readLocalPackageData
7 silly fetchPackageMetaData twhitacre/something
8 silly fetchOtherPackageData twhitacre/something
9 silly cache add args [ 'twhitacre/something', null ]
10 verbose cache add spec twhitacre/something
11 silly cache add parsed spec Result {
11 silly cache add   raw: 'twhitacre/something',
11 silly cache add   scope: null,
11 silly cache add   name: null,
11 silly cache add   rawSpec: 'twhitacre/something',
11 silly cache add   spec: 'github:twhitacre/something',
11 silly cache add   type: 'hosted',
11 silly cache add   hosted:
11 silly cache add    { type: 'github',
11 silly cache add      ssh: 'git@github.com:twhitacre/something.git',
11 silly cache add      sshUrl: 'git+ssh://git@github.com/twhitacre/something.git',
11 silly cache add      httpsUrl: 'git+https://github.com/twhitacre/something.git',
11 silly cache add      gitUrl: 'git://github.com/twhitacre/something.git',
11 silly cache add      shortcut: 'github:twhitacre/something',
11 silly cache add      directUrl: 'https://raw.githubusercontent.com/twhitacre/something/master/package.json' } }
12 verbose addRemoteGit caching twhitacre/something
13 verbose addRemoteGit twhitacre/something is a repository hosted by github
14 silly tryGitProto attempting to clone git://github.com/twhitacre/something.git
15 silly tryClone cloning twhitacre/something via git://github.com/twhitacre/something.git
16 verbose tryClone git-github-com-twhitacre-something-git-bbc76d1384b557da95a1adcba354f492 not in flight; caching
17 info git [ 'clone',
17 info git   '--template=/Users/Tim/.npm/_git-remotes/_templates',
17 info git   '--mirror',
17 info git   'git://github.com/twhitacre/something.git',
17 info git   '/Users/Tim/.npm/_git-remotes/git-github-com-twhitacre-something-git-bbc76d1384b557da95a1adcba354f492' ]
18 verbose git clone --template=/Users/Tim/.npm/_git-remotes/_templates --mirror git://github.com/twhitacre/something.git /Users/Tim/.npm/_git-remotes/git-github-com-twhitacre-something-git-bbc76d1384b557da95a1adcba354f492: Cloning into bare repository '/Users/Tim/.npm/_git-remotes/git-github-com-twhitacre-something-git-bbc76d1384b557da95a1adcba354f492'...
18 verbose git clone --template=/Users/Tim/.npm/_git-remotes/_templates --mirror git://github.com/twhitacre/something.git /Users/Tim/.npm/_git-remotes/git-github-com-twhitacre-something-git-bbc76d1384b557da95a1adcba354f492: fatal: remote error:
18 verbose git clone --template=/Users/Tim/.npm/_git-remotes/_templates --mirror git://github.com/twhitacre/something.git /Users/Tim/.npm/_git-remotes/git-github-com-twhitacre-something-git-bbc76d1384b557da95a1adcba354f492:   Repository not found.
19 silly tryHTTPS attempting to clone git+https://github.com/twhitacre/something.git
20 silly tryClone cloning twhitacre/something via git+https://github.com/twhitacre/something.git
21 verbose tryClone git-https-github-com-twhitacre-something-git-6874caf6d3630298f3d3ff1d9c5cc508 not in flight; caching
22 info git [ 'clone',
22 info git   '--template=/Users/Tim/.npm/_git-remotes/_templates',
22 info git   '--mirror',
22 info git   'https://github.com/twhitacre/something.git',
22 info git   '/Users/Tim/.npm/_git-remotes/git-https-github-com-twhitacre-something-git-6874caf6d3630298f3d3ff1d9c5cc508' ]
23 verbose git clone --template=/Users/Tim/.npm/_git-remotes/_templates --mirror https://github.com/twhitacre/something.git /Users/Tim/.npm/_git-remotes/git-https-github-com-twhitacre-something-git-6874caf6d3630298f3d3ff1d9c5cc508: Cloning into bare repository '/Users/Tim/.npm/_git-remotes/git-https-github-com-twhitacre-something-git-6874caf6d3630298f3d3ff1d9c5cc508'...
23 verbose git clone --template=/Users/Tim/.npm/_git-remotes/_templates --mirror https://github.com/twhitacre/something.git /Users/Tim/.npm/_git-remotes/git-https-github-com-twhitacre-something-git-6874caf6d3630298f3d3ff1d9c5cc508: remote: Invalid username or password.
23 verbose git clone --template=/Users/Tim/.npm/_git-remotes/_templates --mirror https://github.com/twhitacre/something.git /Users/Tim/.npm/_git-remotes/git-https-github-com-twhitacre-something-git-6874caf6d3630298f3d3ff1d9c5cc508: fatal: Authentication failed for 'https://github.com/twhitacre/something.git/'
24 silly trySSH attempting to clone git@github.com:twhitacre/something.git
25 silly tryClone cloning twhitacre/something via git@github.com:twhitacre/something.git
26 verbose tryClone git-github-com-twhitacre-something-git-09d045584b311592af3b340c5368c8d4 not in flight; caching
27 info git [ 'clone',
27 info git   '--template=/Users/Tim/.npm/_git-remotes/_templates',
27 info git   '--mirror',
27 info git   'git@github.com:twhitacre/something.git',
27 info git   '/Users/Tim/.npm/_git-remotes/git-github-com-twhitacre-something-git-09d045584b311592af3b340c5368c8d4' ]
28 error git clone --template=/Users/Tim/.npm/_git-remotes/_templates --mirror git@github.com:twhitacre/something.git /Users/Tim/.npm/_git-remotes/git-github-com-twhitacre-something-git-09d045584b311592af3b340c5368c8d4: Cloning into bare repository '/Users/Tim/.npm/_git-remotes/git-github-com-twhitacre-something-git-09d045584b311592af3b340c5368c8d4'...
28 error git clone --template=/Users/Tim/.npm/_git-remotes/_templates --mirror git@github.com:twhitacre/something.git /Users/Tim/.npm/_git-remotes/git-github-com-twhitacre-something-git-09d045584b311592af3b340c5368c8d4: ERROR: Repository not found.
28 error git clone --template=/Users/Tim/.npm/_git-remotes/_templates --mirror git@github.com:twhitacre/something.git /Users/Tim/.npm/_git-remotes/git-github-com-twhitacre-something-git-09d045584b311592af3b340c5368c8d4: fatal: Could not read from remote repository.
28 error git clone --template=/Users/Tim/.npm/_git-remotes/_templates --mirror git@github.com:twhitacre/something.git /Users/Tim/.npm/_git-remotes/git-github-com-twhitacre-something-git-09d045584b311592af3b340c5368c8d4:
28 error git clone --template=/Users/Tim/.npm/_git-remotes/_templates --mirror git@github.com:twhitacre/something.git /Users/Tim/.npm/_git-remotes/git-github-com-twhitacre-something-git-09d045584b311592af3b340c5368c8d4: Please make sure you have the correct access rights
28 error git clone --template=/Users/Tim/.npm/_git-remotes/_templates --mirror git@github.com:twhitacre/something.git /Users/Tim/.npm/_git-remotes/git-github-com-twhitacre-something-git-09d045584b311592af3b340c5368c8d4: and the repository exists.
29 silly fetchPackageMetaData Error: Command failed: git clone --template=/Users/Tim/.npm/_git-remotes/_templates --mirror git@github.com:twhitacre/something.git /Users/Tim/.npm/_git-remotes/git-github-com-twhitacre-something-git-09d045584b311592af3b340c5368c8d4
29 silly fetchPackageMetaData Cloning into bare repository '/Users/Tim/.npm/_git-remotes/git-github-com-twhitacre-something-git-09d045584b311592af3b340c5368c8d4'...
29 silly fetchPackageMetaData ERROR: Repository not found.
29 silly fetchPackageMetaData fatal: Could not read from remote repository.
29 silly fetchPackageMetaData
29 silly fetchPackageMetaData Please make sure you have the correct access rights
29 silly fetchPackageMetaData and the repository exists.
29 silly fetchPackageMetaData
29 silly fetchPackageMetaData     at ChildProcess.exithandler (child_process.js:203:12)
29 silly fetchPackageMetaData     at emitTwo (events.js:87:13)
29 silly fetchPackageMetaData     at ChildProcess.emit (events.js:172:7)
29 silly fetchPackageMetaData     at maybeClose (internal/child_process.js:818:16)
29 silly fetchPackageMetaData     at Socket.<anonymous> (internal/child_process.js:319:11)
29 silly fetchPackageMetaData     at emitOne (events.js:77:13)
29 silly fetchPackageMetaData     at Socket.emit (events.js:169:7)
29 silly fetchPackageMetaData     at Pipe._onclose (net.js:469:12)
29 silly fetchPackageMetaData  error for twhitacre/something { [Error: Command failed: git clone --template=/Users/Tim/.npm/_git-remotes/_templates --mirror git@github.com:twhitacre/something.git /Users/Tim/.npm/_git-remotes/git-github-com-twhitacre-something-git-09d045584b311592af3b340c5368c8d4
29 silly fetchPackageMetaData Cloning into bare repository '/Users/Tim/.npm/_git-remotes/git-github-com-twhitacre-something-git-09d045584b311592af3b340c5368c8d4'...
29 silly fetchPackageMetaData ERROR: Repository not found.
29 silly fetchPackageMetaData fatal: Could not read from remote repository.
29 silly fetchPackageMetaData
29 silly fetchPackageMetaData Please make sure you have the correct access rights
29 silly fetchPackageMetaData and the repository exists.
29 silly fetchPackageMetaData ]
29 silly fetchPackageMetaData   killed: false,
29 silly fetchPackageMetaData   code: 128,
29 silly fetchPackageMetaData   signal: null,
29 silly fetchPackageMetaData   cmd: 'git clone --template=/Users/Tim/.npm/_git-remotes/_templates --mirror git@github.com:twhitacre/something.git /Users/Tim/.npm/_git-remotes/git-github-com-twhitacre-something-git-09d045584b311592af3b340c5368c8d4' }
30 silly rollbackFailedOptional Starting
31 silly rollbackFailedOptional Finishing
32 silly runTopLevelLifecycles Starting
33 silly runTopLevelLifecycles Finishing
34 silly install printInstalled
35 verbose stack Error: Command failed: git clone --template=/Users/Tim/.npm/_git-remotes/_templates --mirror git@github.com:twhitacre/something.git /Users/Tim/.npm/_git-remotes/git-github-com-twhitacre-something-git-09d045584b311592af3b340c5368c8d4
35 verbose stack Cloning into bare repository '/Users/Tim/.npm/_git-remotes/git-github-com-twhitacre-something-git-09d045584b311592af3b340c5368c8d4'...
35 verbose stack ERROR: Repository not found.
35 verbose stack fatal: Could not read from remote repository.
35 verbose stack
35 verbose stack Please make sure you have the correct access rights
35 verbose stack and the repository exists.
35 verbose stack
35 verbose stack     at ChildProcess.exithandler (child_process.js:203:12)
35 verbose stack     at emitTwo (events.js:87:13)
35 verbose stack     at ChildProcess.emit (events.js:172:7)
35 verbose stack     at maybeClose (internal/child_process.js:818:16)
35 verbose stack     at Socket.<anonymous> (internal/child_process.js:319:11)
35 verbose stack     at emitOne (events.js:77:13)
35 verbose stack     at Socket.emit (events.js:169:7)
35 verbose stack     at Pipe._onclose (net.js:469:12)
36 verbose cwd /Users/Tim/TIY/Cohorts/Cohort 5/Projects/ngCars
37 error Darwin 15.0.0
38 error argv "/usr/local/Cellar/node/4.2.1/bin/node" "/usr/local/bin/npm" "install" "twhitacre/something"
39 error node v4.2.1
40 error npm  v3.3.9
41 error code 128
42 error Command failed: git clone --template=/Users/Tim/.npm/_git-remotes/_templates --mirror git@github.com:twhitacre/something.git /Users/Tim/.npm/_git-remotes/git-github-com-twhitacre-something-git-09d045584b311592af3b340c5368c8d4
42 error Cloning into bare repository '/Users/Tim/.npm/_git-remotes/git-github-com-twhitacre-something-git-09d045584b311592af3b340c5368c8d4'...
42 error ERROR: Repository not found.
42 error fatal: Could not read from remote repository.
42 error
42 error Please make sure you have the correct access rights
42 error and the repository exists.
43 error If you need help, you may report this error at:
43 error     <https://github.com/npm/npm/issues>
44 verbose exit [ 1, true ]
